Using GPU
Args in experiment:
Namespace(activation='gelu', anomaly_ratio=0.25, augmentation_ratio=0, batch_size=32, c_out=7, channel_independence=1, checkpoints='./checkpoints/', d_conv=4, d_ff=2048, d_layers=1, d_model=512, data='ETTh1', data_path='ETTh1.csv', dec_in=7, decomp_method='moving_avg', des='test', device=device(type='cuda', index=0), devices='0,1,2,3', discdtw=False, discsdtw=False, distil=True, down_sampling_layers=0, down_sampling_method=None, down_sampling_window=1, dropout=0.1, dtwwarp=False, e_layers=2, embed='timeF', enc_in=7, expand=2, extra_tag='', factor=1, features='M', freq='h', gpu=0, gpu_type='cuda', inverse=False, is_training=1, itr=1, jitter=False, label_len=48, learning_rate=0.0001, loss='MSE', lradj='type1', magwarp=False, mask_rate=0.25, model='TimesNet', model_id='test', moving_avg=25, n_heads=8, num_kernels=6, num_workers=10, p_hidden_dims=[128, 128], p_hidden_layers=2, patch_len=16, patience=3, permutation=False, pred_len=24, randompermutation=False, root_path='./data/ETT/', rotation=False, scaling=False, seasonal_patterns='Monthly', seed=2, seg_len=96, seq_len=12, shapedtwwarp=False, spawner=False, target='OT', task_name='long_term_forecast', timewarp=False, top_k=5, train_epochs=10, use_amp=False, use_dtw=False, use_gpu=True, use_multi_gpu=False, use_norm=1, wdba=False, windowslice=False, windowwarp=False)
Model(
  (model): ModuleList(
    (0-1): 2 x TimesBlock(
      (conv): Sequential(
        (0): Inception_Block_V1(
          (kernels): ModuleList(
            (0): Conv2d(512, 2048, kernel_size=(1, 1), stride=(1, 1))
            (1): Conv2d(512, 2048, kernel_size=(3, 3), stride=(1, 1), padding=(1, 1))
            (2): Conv2d(512, 2048, kernel_size=(5, 5), stride=(1, 1), padding=(2, 2))
            (3): Conv2d(512, 2048, kernel_size=(7, 7), stride=(1, 1), padding=(3, 3))
            (4): Conv2d(512, 2048, kernel_size=(9, 9), stride=(1, 1), padding=(4, 4))
            (5): Conv2d(512, 2048, kernel_size=(11, 11), stride=(1, 1), padding=(5, 5))
          )
        )
        (1): GELU(approximate='none')
        (2): Inception_Block_V1(
          (kernels): ModuleList(
            (0): Conv2d(2048, 512, kernel_size=(1, 1), stride=(1, 1))
            (1): Conv2d(2048, 512, kernel_size=(3, 3), stride=(1, 1), padding=(1, 1))
            (2): Conv2d(2048, 512, kernel_size=(5, 5), stride=(1, 1), padding=(2, 2))
            (3): Conv2d(2048, 512, kernel_size=(7, 7), stride=(1, 1), padding=(3, 3))
            (4): Conv2d(2048, 512, kernel_size=(9, 9), stride=(1, 1), padding=(4, 4))
            (5): Conv2d(2048, 512, kernel_size=(11, 11), stride=(1, 1), padding=(5, 5))
          )
        )
      )
    )
  )
  (enc_embedding): DataEmbedding(
    (value_embedding): TokenEmbedding(
      (tokenConv): Conv1d(7, 512, kernel_size=(3,), stride=(1,), padding=(1,), bias=False, padding_mode=circular)
    )
    (position_embedding): PositionalEmbedding()
    (temporal_embedding): TimeFeatureEmbedding(
      (embed): Linear(in_features=4, out_features=512, bias=False)
    )
    (dropout): Dropout(p=0.1, inplace=False)
  )
  (layer_norm): LayerNorm((512,), eps=1e-05, elementwise_affine=True)
  (predict_linear): Linear(in_features=12, out_features=36, bias=True)
  (projection): Linear(in_features=512, out_features=7, bias=True)
)
模型总参数量: 1,199,619,547
