Args in experiment:
Namespace(activation='gelu', anomaly_ratio=0.25, augmentation_ratio=0, batch_size=16, c_out=7, channel_independence=1, checkpoints='./checkpoints/', d_conv=4, d_ff=32, d_layers=1, d_model=16, data='ETTh1', data_path='ETTh1.csv', dec_in=7, decomp_method='moving_avg', des='Exp', device=device(type='cpu'), devices='0,1,2,3', discdtw=False, discsdtw=False, distil=True, down_sampling_layers=3, down_sampling_method='avg', down_sampling_window=2, dropout=0.1, dtwwarp=False, e_layers=2, embed='timeF', enc_in=7, expand=2, extra_tag='', factor=1, features='M', freq='h', gpu=0, gpu_type='cuda', inverse=False, is_training=1, itr=1, jitter=False, label_len=0, learning_rate=0.01, loss='MSE', lradj='type1', magwarp=False, mask_rate=0.25, model='TimeMixer', model_id='test', moving_avg=25, n_heads=8, num_kernels=6, num_workers=10, p_hidden_dims=[128, 128], p_hidden_layers=2, patch_len=16, patience=10, permutation=False, pred_len=720, randompermutation=False, root_path='./data/ETT/', rotation=False, scaling=False, seasonal_patterns='Monthly', seed=2, seg_len=96, seq_len=96, shapedtwwarp=False, spawner=False, target='OT', task_name='long_term_forecast', timewarp=False, top_k=5, train_epochs=10, use_amp=False, use_dtw=False, use_gpu=True, use_multi_gpu=False, use_norm=1, wdba=False, windowslice=False, windowwarp=False)

测试输入(形状):  torch.Size([16, 96, 7])
测试 时间 输入(形状):  torch.Size([16, 96, 4])
===============================================================================================
Layer (type:depth-idx)                        Output Shape              Param #
===============================================================================================
Model                                         [16, 720, 7]              --
├─ModuleList: 1-15                            --                        (recursive)
│    └─Normalize: 2-1                         [16, 96, 7]               14
│    └─Normalize: 2-2                         [16, 48, 7]               14
│    └─Normalize: 2-3                         [16, 24, 7]               14
│    └─Normalize: 2-4                         [16, 12, 7]               14
├─DataEmbedding_wo_pos: 1-2                   [112, 96, 16]             --
│    └─TokenEmbedding: 2-5                    [112, 96, 16]             --
│    │    └─Conv1d: 3-1                       [112, 16, 96]             48
│    └─TimeFeatureEmbedding: 2-6              [112, 96, 16]             --
│    │    └─Linear: 3-2                       [112, 96, 16]             64
│    └─Dropout: 2-7                           [112, 96, 16]             --
├─DataEmbedding_wo_pos: 1-3                   [112, 48, 16]             (recursive)
│    └─TokenEmbedding: 2-8                    [112, 48, 16]             (recursive)
│    │    └─Conv1d: 3-3                       [112, 16, 48]             (recursive)
│    └─TimeFeatureEmbedding: 2-9              [112, 48, 16]             (recursive)
│    │    └─Linear: 3-4                       [112, 48, 16]             (recursive)
│    └─Dropout: 2-10                          [112, 48, 16]             --
├─DataEmbedding_wo_pos: 1-4                   [112, 24, 16]             (recursive)
│    └─TokenEmbedding: 2-11                   [112, 24, 16]             (recursive)
│    │    └─Conv1d: 3-5                       [112, 16, 24]             (recursive)
│    └─TimeFeatureEmbedding: 2-12             [112, 24, 16]             (recursive)
│    │    └─Linear: 3-6                       [112, 24, 16]             (recursive)
│    └─Dropout: 2-13                          [112, 24, 16]             --
├─DataEmbedding_wo_pos: 1-5                   [112, 12, 16]             (recursive)
│    └─TokenEmbedding: 2-14                   [112, 12, 16]             (recursive)
│    │    └─Conv1d: 3-7                       [112, 16, 12]             (recursive)
│    └─TimeFeatureEmbedding: 2-15             [112, 12, 16]             (recursive)
│    │    └─Linear: 3-8                       [112, 12, 16]             (recursive)
│    └─Dropout: 2-16                          [112, 12, 16]             --
├─ModuleList: 1-6                             --                        --
│    └─PastDecomposableMixing: 2-17           [112, 96, 16]             32
│    │    └─series_decomp: 3-9                [112, 96, 16]             --
│    │    └─series_decomp: 3-10               [112, 48, 16]             --
│    │    └─series_decomp: 3-11               [112, 24, 16]             --
│    │    └─series_decomp: 3-12               [112, 12, 16]             --
│    │    └─MultiScaleSeasonMixing: 3-13      [112, 96, 16]             9,240
│    │    └─MultiScaleTrendMixing: 3-14       [112, 96, 16]             18,480
│    │    └─Sequential: 3-15                  [112, 96, 16]             1,072
│    │    └─Sequential: 3-16                  [112, 48, 16]             (recursive)
│    │    └─Sequential: 3-17                  [112, 24, 16]             (recursive)
│    │    └─Sequential: 3-18                  [112, 12, 16]             (recursive)
│    └─PastDecomposableMixing: 2-18           [112, 96, 16]             32
│    │    └─series_decomp: 3-19               [112, 96, 16]             --
│    │    └─series_decomp: 3-20               [112, 48, 16]             --
│    │    └─series_decomp: 3-21               [112, 24, 16]             --
│    │    └─series_decomp: 3-22               [112, 12, 16]             --
│    │    └─MultiScaleSeasonMixing: 3-23      [112, 96, 16]             9,240
│    │    └─MultiScaleTrendMixing: 3-24       [112, 96, 16]             18,480
│    │    └─Sequential: 3-25                  [112, 96, 16]             1,072
│    │    └─Sequential: 3-26                  [112, 48, 16]             (recursive)
│    │    └─Sequential: 3-27                  [112, 24, 16]             (recursive)
│    │    └─Sequential: 3-28                  [112, 12, 16]             (recursive)
├─ModuleList: 1-13                            --                        (recursive)
│    └─Linear: 2-19                           [112, 16, 720]            69,840
├─Linear: 1-8                                 [112, 720, 1]             17
├─ModuleList: 1-13                            --                        (recursive)
│    └─Linear: 2-20                           [112, 16, 720]            35,280
├─Linear: 1-10                                [112, 720, 1]             (recursive)
├─ModuleList: 1-13                            --                        (recursive)
│    └─Linear: 2-21                           [112, 16, 720]            18,000
├─Linear: 1-12                                [112, 720, 1]             (recursive)
├─ModuleList: 1-13                            --                        (recursive)
│    └─Linear: 2-22                           [112, 16, 720]            9,360
├─Linear: 1-14                                [112, 720, 1]             (recursive)
├─ModuleList: 1-15                            --                        (recursive)
│    └─Normalize: 2-23                        [16, 720, 7]              (recursive)
===============================================================================================
Total params: 190,313
Trainable params: 190,313
Non-trainable params: 0
Total mult-adds (M): 23.21
===============================================================================================
Input size (MB): 0.57
Forward/backward pass size (MB): 79.77
Params size (MB): 0.76
Estimated Total Size (MB): 81.10
===============================================================================================